<?xml version="1.0" encoding="UTF-8"?>
<!-- Generated by org.testng.reporters.JUnitReportReporter -->
<testsuite skipped="0" hostname="Madhus-MBP.lan1" name="restassuredTests.Demo1_GET" tests="1" failures="0" timestamp="2020-04-06T20:12:08 CDT" time="2.462" errors="0">
  <testcase name="getWeatherDetais" time="2.462" classname="restassuredTests.Demo1_GET"/>
  <system-out/>
</testsuite> <!-- restassuredTests.Demo1_GET -->
