<?xml version="1.0" encoding="UTF-8"?>
<!-- Generated by org.testng.reporters.JUnitReportReporter -->
<testsuite skipped="0" hostname="Madhus-MBP.lan1" name="restassuredTests.Demo3_PUT" tests="1" failures="0" timestamp="2020-04-08T12:13:24 CDT" time="1.773" errors="0">
  <testcase name="testPUT" time="1.773" classname="restassuredTests.Demo3_PUT"/>
  <system-out/>
</testsuite> <!-- restassuredTests.Demo3_PUT -->
