<?xml version="1.0" encoding="UTF-8"?>
<!-- Generated by org.testng.reporters.JUnitReportReporter -->
<testsuite skipped="0" hostname="Madhus-MBP.lan1" name="restassuredTests.Basic_Validations_JSON" tests="5" failures="0" timestamp="2020-04-09T00:15:02 CDT" time="2.392" errors="0">
  <testcase name="teststatuscode" time="1.253" classname="restassuredTests.Basic_Validations_JSON"/>
  <system-out/>
  <testcase name="testlogresponse" time="0.276" classname="restassuredTests.Basic_Validations_JSON"/>
  <system-out/>
  <testcase name="testingsinglecontain" time="0.435" classname="restassuredTests.Basic_Validations_JSON"/>
  <system-out/>
  <testcase name="testingMultipleContains" time="0.268" classname="restassuredTests.Basic_Validations_JSON"/>
  <system-out/>
  <testcase name="testingParamsandHeaders" time="0.160" classname="restassuredTests.Basic_Validations_JSON"/>
  <system-out/>
</testsuite> <!-- restassuredTests.Basic_Validations_JSON -->
