<?xml version="1.0" encoding="UTF-8"?>
<!-- Generated by org.testng.reporters.JUnitReportReporter -->
<testsuite skipped="0" hostname="Madhus-MBP.lan1" name="RestAssured.RestAssured.Test01_GET" tests="1" failures="0" timestamp="2020-03-30T22:59:40 CDT" time="1.445" errors="0">
  <testcase name="test_01" time="1.445" classname="RestAssured.RestAssured.Test01_GET"/>
  <system-out/>
</testsuite> <!-- RestAssured.RestAssured.Test01_GET -->
