<?xml version="1.0" encoding="UTF-8"?>
<!-- Generated by org.testng.reporters.JUnitReportReporter -->
<testsuite skipped="0" hostname="Madhus-MBP.lan1" name="RestAssured.RestAssured.Tests_POST" tests="1" failures="0" timestamp="2020-03-31T12:52:36 CDT" time="1.606" errors="0">
  <testcase name="test2_put" time="1.606" classname="RestAssured.RestAssured.Tests_POST"/>
  <system-out/>
</testsuite> <!-- RestAssured.RestAssured.Tests_POST -->
