<?xml version="1.0" encoding="UTF-8"?>
<!-- Generated by org.testng.reporters.JUnitReportReporter -->
<testsuite skipped="0" hostname="Madhus-MBP.lan1" name="RestAssured.RestAssured.Test_Get" tests="1" failures="0" timestamp="2020-04-11T23:18:59 CDT" time="1.642" errors="0">
  <testcase name="test_1" time="1.642" classname="RestAssured.RestAssured.Test_Get"/>
  <system-out/>
</testsuite> <!-- RestAssured.RestAssured.Test_Get -->
