<?xml version="1.0" encoding="UTF-8"?>
<!-- Generated by org.testng.reporters.JUnitReportReporter -->
<testsuite skipped="0" hostname="Madhus-MBP.lan1" name="restassuredTests.DELETE" tests="1" failures="0" timestamp="2020-04-08T12:25:50 CDT" time="1.851" errors="0">
  <testcase name="deleteEmpID" time="1.851" classname="restassuredTests.DELETE"/>
  <system-out/>
</testsuite> <!-- restassuredTests.DELETE -->
